<?xml version="1.0" encoding="utf-8"?><testsuites name="pytest tests"><testsuite name="pytest" errors="0" failures="0" skipped="0" tests="14" time="4.037" timestamp="2026-04-21T11:57:04.338216+00:00" hostname="agent-env-4e596b3b-847d-4b76-9267-a7a354b71fed"><testcase classname="backend.tests.test_phase_c_launch.TestHealthReady" name="test_health" time="0.136" /><testcase classname="backend.tests.test_phase_c_launch.TestHealthReady" name="test_ready" time="0.094" /><testcase classname="backend.tests.test_phase_c_launch.TestHealthReady" name="test_config_public_unauth" time="0.158" /><testcase classname="backend.tests.test_phase_c_launch.TestPayments" name="test_initialize_happy" time="0.424" /><testcase classname="backend.tests.test_phase_c_launch.TestPayments" name="test_initialize_bad_amount" time="0.112" /><testcase classname="backend.tests.test_phase_c_launch.TestPayments" name="test_verify_auto_success_and_wallet_credit" time="0.404" /><testcase classname="backend.tests.test_phase_c_launch.TestWebhooks" name="test_webhook_mock_and_replay" time="0.563" /><testcase classname="backend.tests.test_phase_c_launch.TestWebhooks" name="test_webhook_paystack_without_key_falls_back_to_mock" time="0.130" /><testcase classname="backend.tests.test_phase_c_launch.TestEscrowAdmin" name="test_non_admin_escrow_transition_forbidden" time="0.538" /><testcase classname="backend.tests.test_phase_c_launch.TestEscrowAdmin" name="test_escrow_transition_valid_and_audit" time="0.993" /><testcase classname="backend.tests.test_phase_c_launch.TestAdminReconcile" name="test_reconcile_shape" time="0.108" /><testcase classname="backend.tests.test_phase_c_launch.TestAdminReconcile" name="test_reconcile_non_admin_forbidden" time="0.102" /><testcase classname="backend.tests.test_phase_c_launch.TestAdminReconcile" name="test_audit_non_admin_forbidden" time="0.114" /><testcase classname="backend.tests.test_phase_c_launch.TestAdminReconcile" name="test_webhook_events_admin_no_raw" time="0.098" /></testsuite></testsuites>