<?xml version="1.0" encoding="utf-8"?><testsuites name="pytest tests"><testsuite name="pytest" errors="0" failures="0" skipped="0" tests="15" time="3.498" timestamp="2026-04-21T11:37:02.122180+00:00" hostname="agent-env-4e596b3b-847d-4b76-9267-a7a354b71fed"><testcase classname="backend.tests.test_phase_d_digest.TestConfig" name="test_config_unauth_ok" time="0.202" /><testcase classname="backend.tests.test_phase_d_digest.TestDigestPreviewRich" name="test_buyer_payload_shape" time="0.556" /><testcase classname="backend.tests.test_phase_d_digest.TestDigestPreviewRich" name="test_regional_snapshot_entries_shape" time="0.103" /><testcase classname="backend.tests.test_phase_d_digest.TestDigestPreviewRich" name="test_new_suppliers_entries_shape" time="0.119" /><testcase classname="backend.tests.test_phase_d_digest.TestSubjectRotation" name="test_subject_stable_per_user" time="0.226" /><testcase classname="backend.tests.test_phase_d_digest.TestSubjectRotation" name="test_subject_variant_one_of_three" time="0.597" /><testcase classname="backend.tests.test_phase_d_digest.TestWhatsAppRoleVariants" name="test_buyer_wa_text" time="0.120" /><testcase classname="backend.tests.test_phase_d_digest.TestWhatsAppRoleVariants" name="test_farmer_wa_text" time="0.126" /><testcase classname="backend.tests.test_phase_d_digest.TestSendMeNowTextBytes" name="test_send_me_now_logs_text_bytes" time="0.579" /><testcase classname="backend.tests.test_phase_d_digest.TestAdminTriggerStillWorks" name="test_trigger_admin" time="0.146" /><testcase classname="backend.tests.test_phase_d_digest.TestRegressionSmoke" name="test_hot_demand" time="0.105" /><testcase classname="backend.tests.test_phase_d_digest.TestRegressionSmoke" name="test_featured_suppliers" time="0.129" /><testcase classname="backend.tests.test_phase_d_digest.TestRegressionSmoke" name="test_rec_for_farmer" time="0.124" /><testcase classname="backend.tests.test_phase_d_digest.TestRegressionSmoke" name="test_rec_for_buyer" time="0.108" /><testcase classname="backend.tests.test_phase_d_digest.TestRegressionSmoke" name="test_rec_for_product" time="0.193" /></testsuite></testsuites>