<?xml version="1.0" encoding="utf-8"?><testsuites name="pytest tests"><testsuite name="pytest" errors="0" failures="0" skipped="0" tests="20" time="6.026" timestamp="2026-04-21T14:00:25.721455+00:00" hostname="agent-env-4e596b3b-847d-4b76-9267-a7a354b71fed"><testcase classname="backend.tests.test_phase_d.TestRegression" name="test_health" time="0.153" /><testcase classname="backend.tests.test_phase_d.TestRegression" name="test_config_public" time="0.120" /><testcase classname="backend.tests.test_phase_d.TestRegression" name="test_listings_public" time="0.128" /><testcase classname="backend.tests.test_phase_d.TestRegression" name="test_admin_reconcile_still_works" time="1.148" /><testcase classname="backend.tests.test_phase_d.TestRegression" name="test_admin_reconcile_forbidden_for_buyer" time="0.104" /><testcase classname="backend.tests.test_phase_d.TestLiquiditySignals" name="test_liquidity_for_seeded_listing" time="0.225" /><testcase classname="backend.tests.test_phase_d.TestLiquiditySignals" name="test_liquidity_missing_404" time="0.117" /><testcase classname="backend.tests.test_phase_d.TestSupplierPerformance" name="test_farmer_score" time="0.273" /><testcase classname="backend.tests.test_phase_d.TestSupplierPerformance" name="test_non_farmer_404" time="0.244" /><testcase classname="backend.tests.test_phase_d.TestFarmerEarnings" name="test_earnings_farmer" time="0.140" /><testcase classname="backend.tests.test_phase_d.TestFarmerEarnings" name="test_earnings_buyer_forbidden" time="0.131" /><testcase classname="backend.tests.test_phase_d.TestPriceAlerts" name="test_farmer_create_forbidden" time="0.115" /><testcase classname="backend.tests.test_phase_d.TestPriceAlerts" name="test_buyer_create_list_delete" time="0.467" /><testcase classname="backend.tests.test_phase_d.TestPriceAlerts" name="test_alert_auto_triggers_on_matching_listing" time="1.708" /><testcase classname="backend.tests.test_phase_d.TestMarketIntel" name="test_price_trend" time="0.261" /><testcase classname="backend.tests.test_phase_d.TestMarketIntel" name="test_demand_heatmap" time="0.133" /><testcase classname="backend.tests.test_phase_d.TestGrowthAndKpis" name="test_invite_buyer" time="0.115" /><testcase classname="backend.tests.test_phase_d.TestGrowthAndKpis" name="test_invite_farmer" time="0.111" /><testcase classname="backend.tests.test_phase_d.TestGrowthAndKpis" name="test_admin_kpis" time="0.142" /><testcase classname="backend.tests.test_phase_d.TestGrowthAndKpis" name="test_admin_kpis_forbidden_for_buyer" time="0.113" /></testsuite></testsuites>