<?xml version="1.0" encoding="utf-8"?><testsuites name="pytest tests"><testsuite name="pytest" errors="0" failures="0" skipped="0" tests="12" time="4.738" timestamp="2026-04-21T23:45:20.005415+00:00" hostname="agent-env-4e596b3b-847d-4b76-9267-a7a354b71fed"><testcase classname="backend.tests.test_phase_h.TestRecentlyMatured" name="test_recently_matured_returns_items_or_synthesised" time="0.176" /><testcase classname="backend.tests.test_phase_h.TestSocialProof" name="test_social_proof_shape" time="0.645" /><testcase classname="backend.tests.test_phase_h.TestKYC" name="test_kyc_status_default_silver" time="0.129" /><testcase classname="backend.tests.test_phase_h.TestKYC" name="test_kyc_upgrade_to_gold_then_back_to_bronze_via_db_and_enforce" time="1.290" /><testcase classname="backend.tests.test_phase_h.TestLogisticsEarnings" name="test_logistics_earnings_shape" time="0.500" /><testcase classname="backend.tests.test_phase_h.TestLogisticsEarnings" name="test_logistics_earnings_days_param" time="0.128" /><testcase classname="backend.tests.test_phase_h.TestMaturityPayout" name="test_mature_then_payout_full_flow" time="0.716" /><testcase classname="backend.tests.test_phase_h.TestMaturityPayout" name="test_payout_requires_matured_status" time="0.256" /><testcase classname="backend.tests.test_phase_h.TestRegressionPriorPhases" name="test_opportunities_list" time="0.137" /><testcase classname="backend.tests.test_phase_h.TestRegressionPriorPhases" name="test_investments_summary" time="0.128" /><testcase classname="backend.tests.test_phase_h.TestRegressionPriorPhases" name="test_admin_users_list" time="0.133" /><testcase classname="backend.tests.test_phase_h.TestRegressionPriorPhases" name="test_admin_verify_user_toggle" time="0.409" /></testsuite></testsuites>