<?xml version="1.0" encoding="utf-8"?><testsuites name="pytest tests"><testsuite name="pytest" errors="0" failures="0" skipped="0" tests="9" time="1.393" timestamp="2026-04-21T09:32:09.047636+00:00" hostname="agent-env-4e596b3b-847d-4b76-9267-a7a354b71fed"><testcase classname="backend.tests.test_social_share.TestOGShare" name="test_valid_listing_returns_200_html" time="0.335" /><testcase classname="backend.tests.test_social_share.TestOGShare" name="test_required_og_tags" time="0.125" /><testcase classname="backend.tests.test_social_share.TestOGShare" name="test_og_title_includes_crop_and_price" time="0.221" /><testcase classname="backend.tests.test_social_share.TestOGShare" name="test_json_ld_product_valid" time="0.105" /><testcase classname="backend.tests.test_social_share.TestOGShare" name="test_redirect_hints_present" time="0.100" /><testcase classname="backend.tests.test_social_share.TestOGShare" name="test_nonexistent_listing_returns_404" time="0.103" /><testcase classname="backend.tests.test_social_share.TestSitemapListings" name="test_returns_200_xml" time="0.095" /><testcase classname="backend.tests.test_social_share.TestSitemapListings" name="test_contains_url_entries" time="0.105" /><testcase classname="backend.tests.test_social_share.TestRobots" name="test_robots_lists_both_sitemaps" time="0.128" /></testsuite></testsuites>