<?xml version="1.0" encoding="utf-8"?><testsuites name="pytest tests"><testsuite name="pytest" errors="0" failures="0" skipped="0" tests="10" time="2.726" timestamp="2026-04-21T23:28:53.942622+00:00" hostname="agent-env-4e596b3b-847d-4b76-9267-a7a354b71fed"><testcase classname="backend.tests.test_phase_g.TestHealth" name="test_healthz_internal" time="0.004" /><testcase classname="backend.tests.test_phase_g.TestHealth" name="test_health_internal" time="0.002" /><testcase classname="backend.tests.test_phase_g.TestHealth" name="test_api_health" time="0.274" /><testcase classname="backend.tests.test_phase_g.TestOpportunityHydration" name="test_list_opportunities" time="0.147" /><testcase classname="backend.tests.test_phase_g.TestOpportunityHydration" name="test_get_opportunity_hydrated" time="0.178" /><testcase classname="backend.tests.test_phase_g.TestAdminVerify" name="test_verify_farmer_toggle" time="0.999" /><testcase classname="backend.tests.test_phase_g.TestRegression" name="test_get_opportunities" time="0.130" /><testcase classname="backend.tests.test_phase_g.TestRegression" name="test_investments_summary" time="0.504" /><testcase classname="backend.tests.test_phase_g.TestRegression" name="test_market_price_trend" time="0.143" /><testcase classname="backend.tests.test_phase_g.TestRegression" name="test_liquidity_listing" time="0.263" /></testsuite></testsuites>