<?xml version="1.0" encoding="utf-8"?><testsuites name="pytest tests"><testsuite name="pytest" errors="0" failures="0" skipped="0" tests="9" time="1.059" timestamp="2026-04-22T11:05:54.954192+00:00" hostname="agent-env-4e596b3b-847d-4b76-9267-a7a354b71fed"><testcase classname="backend.tests.test_phase_l.TestRegression" name="test_opportunities_list" time="0.249" /><testcase classname="backend.tests.test_phase_l.TestRegression" name="test_opportunity_detail" time="0.052" /><testcase classname="backend.tests.test_phase_l.TestRegression" name="test_investments_summary" time="0.386" /><testcase classname="backend.tests.test_phase_l.TestRegression" name="test_landing_pulse" time="0.053" /><testcase classname="backend.tests.test_phase_l.TestSimilarOpportunities" name="test_similar_returns_items" time="0.051" /><testcase classname="backend.tests.test_phase_l.TestSimilarOpportunities" name="test_similar_excludes_source_id" time="0.048" /><testcase classname="backend.tests.test_phase_l.TestSimilarOpportunities" name="test_similar_respects_limit" time="0.046" /><testcase classname="backend.tests.test_phase_l.TestSimilarOpportunities" name="test_similar_404_for_unknown_id" time="0.047" /><testcase classname="backend.tests.test_phase_l.TestSimilarOpportunities" name="test_similar_ranks_crop_match_first" time="0.052" /></testsuite></testsuites>