<?xml version="1.0" encoding="utf-8"?><testsuites name="pytest tests"><testsuite name="pytest" errors="0" failures="2" skipped="0" tests="12" time="2.351" timestamp="2026-04-22T13:07:02.402999+00:00" hostname="agent-env-4e596b3b-847d-4b76-9267-a7a354b71fed"><testcase classname="backend.tests.test_phase_m.TestPhaseMFeed" name="test_feed_returns_items" time="0.671" /><testcase classname="backend.tests.test_phase_m.TestPhaseMFeed" name="test_feed_items_shape_and_sort" time="0.165" /><testcase classname="backend.tests.test_phase_m.TestPhaseMFeed" name="test_feed_requires_investor" time="0.122" /><testcase classname="backend.tests.test_phase_m.TestPhaseMMilestones" name="test_milestones_shape" time="0.114" /><testcase classname="backend.tests.test_phase_m.TestPhaseMMilestones" name="test_milestones_earned_count_consistent" time="0.108" /><testcase classname="backend.tests.test_phase_m.TestPhaseMReinvest" name="test_reinvest_valid" time="0.251"><failure message="AssertionError: Got 404: {&quot;detail&quot;:&quot;No open opportunity available to reinvest. Browse marketplace.&quot;}&#10;assert 404 == 200&#10; +  where 404 = &lt;Response [404]&gt;.status_code">backend/tests/test_phase_m.py:95: in test_reinvest_valid
    assert r.status_code == 200, f"Got {r.status_code}: {r.text}"
E   AssertionError: Got 404: {"detail":"No open opportunity available to reinvest. Browse marketplace."}
E   assert 404 == 200
E    +  where 404 = &lt;Response [404]&gt;.status_code</failure></testcase><testcase classname="backend.tests.test_phase_m.TestPhaseMReinvest" name="test_reinvest_custom_amount" time="0.120" /><testcase classname="backend.tests.test_phase_m.TestPhaseMReinvest" name="test_reinvest_unknown_investment_404" time="0.157" /><testcase classname="backend.tests.test_phase_m.TestPhaseMReinvest" name="test_reinvest_paid_inv_returns_valid_opp" time="0.135"><failure message="assert 404 == 200&#10; +  where 404 = &lt;Response [404]&gt;.status_code">backend/tests/test_phase_m.py:125: in test_reinvest_paid_inv_returns_valid_opp
    assert r.status_code == 200
E   assert 404 == 200
E    +  where 404 = &lt;Response [404]&gt;.status_code</failure></testcase><testcase classname="backend.tests.test_phase_m.TestPhaseMRegression" name="test_investments_mine_works" time="0.181" /><testcase classname="backend.tests.test_phase_m.TestPhaseMRegression" name="test_investments_summary_works" time="0.110" /><testcase classname="backend.tests.test_phase_m.TestPhaseMRegression" name="test_wallet_works" time="0.128" /></testsuite></testsuites>