<?xml version="1.0" encoding="utf-8"?><testsuites name="pytest tests"><testsuite name="pytest" errors="0" failures="0" skipped="0" tests="12" time="3.075" timestamp="2026-04-21T11:08:41.152835+00:00" hostname="agent-env-4e596b3b-847d-4b76-9267-a7a354b71fed"><testcase classname="backend.tests.test_phase_c_digest.TestDigestPreview" name="test_preview_requires_auth" time="0.259" /><testcase classname="backend.tests.test_phase_c_digest.TestDigestPreview" name="test_preview_buyer_shape" time="0.445" /><testcase classname="backend.tests.test_phase_c_digest.TestDigestPreview" name="test_preview_farmer_shape" time="0.457" /><testcase classname="backend.tests.test_phase_c_digest.TestDigestPreview" name="test_headline_differs_by_role" time="0.267" /><testcase classname="backend.tests.test_phase_c_digest.TestDigestPreview" name="test_excludes_test_prefixed_crops" time="0.108" /><testcase classname="backend.tests.test_phase_c_digest.TestDigestPrefs" name="test_get_prefs_default" time="0.112" /><testcase classname="backend.tests.test_phase_c_digest.TestDigestPrefs" name="test_put_prefs_persists" time="0.348" /><testcase classname="backend.tests.test_phase_c_digest.TestSendMeNow" name="test_send_me_now_mock" time="0.104" /><testcase classname="backend.tests.test_phase_c_digest.TestSendMeNow" name="test_send_me_now_log_entry" time="0.539" /><testcase classname="backend.tests.test_phase_c_digest.TestDigestTrigger" name="test_trigger_non_admin_forbidden" time="0.110" /><testcase classname="backend.tests.test_phase_c_digest.TestDigestTrigger" name="test_trigger_admin_success" time="0.163" /><testcase classname="backend.tests.test_phase_c_digest.TestDigestLogAccess" name="test_log_non_admin_forbidden" time="0.100" /></testsuite></testsuites>