<?xml version="1.0" encoding="utf-8"?><testsuites name="pytest tests"><testsuite name="pytest" errors="0" failures="0" skipped="0" tests="9" time="1.793" timestamp="2026-04-22T10:38:23.599313+00:00" hostname="agent-env-4e596b3b-847d-4b76-9267-a7a354b71fed"><testcase classname="backend.tests.test_phase_i.TestSignupOnboardingStep" name="test_signup_sets_onboarding_step_1_via_state" time="0.496" /><testcase classname="backend.tests.test_phase_i.TestOnboardingProfile" name="test_patch_profile_returns_saved_and_bumps_step" time="0.091" /><testcase classname="backend.tests.test_phase_i.TestOnboardingAdvance" name="test_advance_bumps_step" time="0.204" /><testcase classname="backend.tests.test_phase_i.TestOnboardingComplete" name="test_complete_sets_step_5" time="0.090" /><testcase classname="backend.tests.test_phase_i.TestGoogleOAuth" name="test_invalid_session_id_returns_401" time="0.145" /><testcase classname="backend.tests.test_phase_i.TestGoogleOAuth" name="test_logout_returns_ok" time="0.041" /><testcase classname="backend.tests.test_phase_i.TestAdminRegression" name="test_admin_me_works" time="0.318" /><testcase classname="backend.tests.test_phase_i.TestAdminRegression" name="test_admin_onboarding_state_step_is_zero_or_missing" time="0.043" /><testcase classname="backend.tests.test_phase_i.TestAdminRegression" name="test_investor_login_still_works" time="0.275" /></testsuite></testsuites>