<?xml version="1.0" encoding="utf-8"?><testsuites name="pytest tests"><testsuite name="pytest" errors="0" failures="0" skipped="0" tests="11" time="6.931" timestamp="2026-04-22T13:51:03.737525+00:00" hostname="agent-env-4e596b3b-847d-4b76-9267-a7a354b71fed"><testcase classname="backend.tests.test_phase_n.TestReferralStats" name="test_investor_stats_shape_and_public_link" time="0.684" /><testcase classname="backend.tests.test_phase_n.TestReferralStats" name="test_unauthenticated_blocked" time="0.113" /><testcase classname="backend.tests.test_phase_n.TestEventsTrack" name="test_track_public_no_auth" time="0.122" /><testcase classname="backend.tests.test_phase_n.TestEventsTrack" name="test_track_validation" time="0.110" /><testcase classname="backend.tests.test_phase_n.TestPlatformMetrics" name="test_admin_metrics_shape_and_funnel_capped" time="0.561" /><testcase classname="backend.tests.test_phase_n.TestPlatformMetrics" name="test_non_admin_blocked" time="0.437" /><testcase classname="backend.tests.test_phase_n.TestReferralE2E" name="test_a_signup_increments_invited" time="1.638" /><testcase classname="backend.tests.test_phase_n.TestReferralE2E" name="test_b_fund_and_invest" time="1.377" /><testcase classname="backend.tests.test_phase_n.TestReferralE2E" name="test_c_referrer_stats_after_invest" time="0.129" /><testcase classname="backend.tests.test_phase_n.TestReferralE2E" name="test_d_both_wallets_credited" time="0.224" /><testcase classname="backend.tests.test_phase_n.TestReferralE2E" name="test_e_idempotent_second_invest" time="1.450" /></testsuite></testsuites>