<?xml version="1.0" encoding="utf-8"?><testsuites name="pytest tests"><testsuite name="pytest" errors="0" failures="0" skipped="0" tests="17" time="2.996" timestamp="2026-04-21T10:08:47.340422+00:00" hostname="agent-env-4e596b3b-847d-4b76-9267-a7a354b71fed"><testcase classname="backend.tests.test_phaseab.TestHotDemand" name="test_hot_demand_status" time="0.240" /><testcase classname="backend.tests.test_phaseab.TestHotDemand" name="test_hot_demand_schema" time="0.123" /><testcase classname="backend.tests.test_phaseab.TestHotDemand" name="test_hot_demand_filters_test_crops" time="0.184" /><testcase classname="backend.tests.test_phaseab.TestFeaturedSuppliers" name="test_status_and_structure" time="0.113" /><testcase classname="backend.tests.test_phaseab.TestFeaturedSuppliers" name="test_supplier_schema" time="0.121" /><testcase classname="backend.tests.test_phaseab.TestFeaturedSuppliers" name="test_sorted_by_completed_then_rating" time="0.113" /><testcase classname="backend.tests.test_phaseab.TestProductRecommendations" name="test_valid_id_returns_shape" time="0.217" /><testcase classname="backend.tests.test_phaseab.TestProductRecommendations" name="test_excludes_original_listing" time="0.102" /><testcase classname="backend.tests.test_phaseab.TestProductRecommendations" name="test_invalid_id_404" time="0.117" /><testcase classname="backend.tests.test_phaseab.TestFarmerRecs" name="test_requires_auth" time="0.119" /><testcase classname="backend.tests.test_phaseab.TestFarmerRecs" name="test_buyer_token_forbidden" time="0.469" /><testcase classname="backend.tests.test_phaseab.TestFarmerRecs" name="test_farmer_ok" time="0.434" /><testcase classname="backend.tests.test_phaseab.TestFarmerRecs" name="test_price_guidance_schema" time="0.105" /><testcase classname="backend.tests.test_phaseab.TestBuyerRecs" name="test_requires_auth" time="0.101" /><testcase classname="backend.tests.test_phaseab.TestBuyerRecs" name="test_farmer_token_forbidden" time="0.101" /><testcase classname="backend.tests.test_phaseab.TestBuyerRecs" name="test_buyer_ok" time="0.099" /><testcase classname="backend.tests.test_phaseab.TestLandingCopy" name="test_meta_title" time="0.141" /></testsuite></testsuites>