<?xml version="1.0" encoding="utf-8"?><testsuites name="pytest tests"><testsuite name="pytest" errors="0" failures="0" skipped="0" tests="15" time="24.742" timestamp="2026-04-20T21:18:57.497796+00:00" hostname="agent-env-4e596b3b-847d-4b76-9267-a7a354b71fed"><testcase classname="backend.tests.test_phase2" name="test_signup_with_farm_size_and_referral" time="1.800" /><testcase classname="backend.tests.test_phase2" name="test_upload_image_ok" time="0.721" /><testcase classname="backend.tests.test_phase2" name="test_upload_rejects_bad_mime" time="0.111" /><testcase classname="backend.tests.test_phase2" name="test_credit_score" time="0.128" /><testcase classname="backend.tests.test_phase2" name="test_credit_score_non_farmer_forbidden" time="0.118" /><testcase classname="backend.tests.test_phase2" name="test_loans_mine_forbidden_for_admin" time="0.148" /><testcase classname="backend.tests.test_phase2" name="test_loans_admin_list_only" time="0.234" /><testcase classname="backend.tests.test_phase2" name="test_loan_reject_flow" time="0.338" /><testcase classname="backend.tests.test_phase2" name="test_loan_repay_partial_then_full" time="16.797" /><testcase classname="backend.tests.test_phase2" name="test_notifications_list_and_mark" time="0.469" /><testcase classname="backend.tests.test_phase2" name="test_analytics_prices" time="0.119" /><testcase classname="backend.tests.test_phase2" name="test_analytics_demand" time="0.108" /><testcase classname="backend.tests.test_phase2" name="test_analytics_weather" time="0.120" /><testcase classname="backend.tests.test_phase2" name="test_video_templates" time="0.097" /><testcase classname="backend.tests.test_phase2" name="test_referral_bonus_on_first_completed_order" time="3.370" /></testsuite></testsuites>