<?xml version="1.0" encoding="utf-8"?><testsuites name="pytest tests"><testsuite name="pytest" errors="0" failures="0" skipped="0" tests="23" time="27.954" timestamp="2026-04-20T20:35:01.921801+00:00" hostname="agent-env-4e596b3b-847d-4b76-9267-a7a354b71fed"><testcase classname="backend.tests.test_agriflow" name="test_health" time="0.163" /><testcase classname="backend.tests.test_agriflow" name="test_signup_admin_rejected" time="0.171" /><testcase classname="backend.tests.test_agriflow" name="test_signup_farmer_ok" time="0.403" /><testcase classname="backend.tests.test_agriflow" name="test_login_all_demo" time="1.460" /><testcase classname="backend.tests.test_agriflow" name="test_me" time="0.115" /><testcase classname="backend.tests.test_agriflow" name="test_public_listings_seeded" time="0.124" /><testcase classname="backend.tests.test_agriflow" name="test_listings_filter_q" time="0.164" /><testcase classname="backend.tests.test_agriflow" name="test_listings_filter_grade" time="0.110" /><testcase classname="backend.tests.test_agriflow" name="test_create_listing_buyer_forbidden" time="0.102" /><testcase classname="backend.tests.test_agriflow" name="test_create_listing_farmer_ok" time="0.111" /><testcase classname="backend.tests.test_agriflow" name="test_listings_mine_farmer" time="0.141" /><testcase classname="backend.tests.test_agriflow" name="test_buyer_wallet_seed" time="0.160" /><testcase classname="backend.tests.test_agriflow" name="test_wallet_fund" time="0.212" /><testcase classname="backend.tests.test_agriflow" name="test_e2e_escrow_completes" time="1.748" /><testcase classname="backend.tests.test_agriflow" name="test_farmer_received_payment" time="0.158" /><testcase classname="backend.tests.test_agriflow" name="test_offer_flow" time="0.449" /><testcase classname="backend.tests.test_agriflow" name="test_dispute_refund_buyer" time="0.997" /><testcase classname="backend.tests.test_agriflow" name="test_admin_overview" time="0.119" /><testcase classname="backend.tests.test_agriflow" name="test_admin_users" time="0.118" /><testcase classname="backend.tests.test_agriflow" name="test_admin_overview_403_for_buyer" time="0.124" /><testcase classname="backend.tests.test_agriflow" name="test_admin_verify_user" time="0.459" /><testcase classname="backend.tests.test_agriflow" name="test_ai_price" time="9.694" /><testcase classname="backend.tests.test_agriflow" name="test_ai_video" time="10.468" /></testsuite></testsuites>